<?xml version="1.0" encoding="UTF-8"?>
<coverage generated="1786820475983" clover="3.2.0">
  <project timestamp="1786820475983" name="All files">
    <metrics statements="201" coveredstatements="198" conditionals="161" coveredconditionals="136" methods="43" coveredmethods="42" elements="405" coveredelements="376" complexity="0" loc="201" ncloc="201" packages="1" files="3" classes="3"/>
    <file name="Board.ts" path="/Users/thomasmichael/develop/private/git/test/pylos/src/game/Board.ts">
      <metrics statements="87" coveredstatements="87" conditionals="59" coveredconditionals="48" methods="19" coveredmethods="19"/>
      <line num="4" count="22" type="stmt"/>
      <line num="5" count="22" type="stmt"/>
      <line num="6" count="88" type="stmt"/>
      <line num="7" count="88" type="stmt"/>
      <line num="8" count="88" type="stmt"/>
      <line num="9" count="220" type="stmt"/>
      <line num="10" count="220" type="stmt"/>
      <line num="11" count="660" type="stmt"/>
      <line num="13" count="220" type="stmt"/>
      <line num="15" count="88" type="stmt"/>
      <line num="17" count="22" type="stmt"/>
      <line num="21" count="3300" type="cond" truecount="1" falsecount="1"/>
      <line num="22" count="3300" type="cond" truecount="1" falsecount="1"/>
      <line num="26" count="990" type="stmt"/>
      <line num="27" count="990" type="cond" truecount="2" falsecount="0"/>
      <line num="31" count="2104" type="stmt"/>
      <line num="32" count="2104" type="cond" truecount="2" falsecount="0"/>
      <line num="36" count="147" type="stmt"/>
      <line num="37" count="147" type="cond" truecount="3" falsecount="1"/>
      <line num="38" count="147" type="stmt"/>
      <line num="39" count="147" type="stmt"/>
      <line num="43" count="3" type="stmt"/>
      <line num="44" count="3" type="cond" truecount="3" falsecount="1"/>
      <line num="45" count="3" type="cond" truecount="1" falsecount="1"/>
      <line num="46" count="3" type="stmt"/>
      <line num="47" count="3" type="stmt"/>
      <line num="48" count="3" type="stmt"/>
      <line num="52" count="20" type="stmt"/>
      <line num="53" count="20" type="cond" truecount="1" falsecount="1"/>
      <line num="54" count="20" type="stmt"/>
      <line num="55" count="20" type="stmt"/>
      <line num="56" count="20" type="stmt"/>
      <line num="57" count="20" type="stmt"/>
      <line num="58" count="20" type="cond" truecount="5" falsecount="1"/>
      <line num="59" count="20" type="stmt"/>
      <line num="60" count="20" type="cond" truecount="2" falsecount="0"/>
      <line num="64" count="81" type="stmt"/>
      <line num="65" count="81" type="stmt"/>
      <line num="66" count="81" type="stmt"/>
      <line num="67" count="187" type="stmt"/>
      <line num="68" count="485" type="stmt"/>
      <line num="74" count="1077" type="cond" truecount="2" falsecount="0"/>
      <line num="75" count="146" type="stmt"/>
      <line num="79" count="187" type="stmt"/>
      <line num="83" count="59" type="stmt"/>
      <line num="89" count="59" type="stmt"/>
      <line num="90" count="98" type="stmt"/>
      <line num="91" count="98" type="cond" truecount="2" falsecount="0"/>
      <line num="96" count="29" type="stmt"/>
      <line num="97" count="29" type="stmt"/>
      <line num="98" count="116" type="stmt"/>
      <line num="99" count="116" type="stmt"/>
      <line num="100" count="290" type="stmt"/>
      <line num="101" count="870" type="cond" truecount="2" falsecount="0"/>
      <line num="102" count="701" type="stmt"/>
      <line num="107" count="672" type="stmt"/>
      <line num="111" count="17" type="stmt"/>
      <line num="112" count="17" type="stmt"/>
      <line num="113" count="51" type="stmt"/>
      <line num="114" count="51" type="stmt"/>
      <line num="115" count="51" type="stmt"/>
      <line num="116" count="51" type="stmt"/>
      <line num="117" count="76" type="stmt"/>
      <line num="118" count="76" type="stmt"/>
      <line num="119" count="76" type="cond" truecount="5" falsecount="1"/>
      <line num="120" count="76" type="stmt"/>
      <line num="121" count="76" type="cond" truecount="2" falsecount="0"/>
      <line num="122" count="114" type="cond" truecount="3" falsecount="2"/>
      <line num="123" count="40" type="stmt"/>
      <line num="129" count="51" type="stmt"/>
      <line num="133" count="2" type="stmt"/>
      <line num="134" count="2" type="stmt"/>
      <line num="135" count="8" type="stmt"/>
      <line num="136" count="8" type="stmt"/>
      <line num="137" count="20" type="stmt"/>
      <line num="138" count="60" type="stmt"/>
      <line num="139" count="60" type="cond" truecount="5" falsecount="0"/>
      <line num="140" count="10" type="stmt"/>
      <line num="145" count="2" type="stmt"/>
      <line num="149" count="3" type="stmt"/>
      <line num="150" count="3" type="cond" truecount="2" falsecount="0"/>
      <line num="152" count="2" type="stmt"/>
      <line num="153" count="2" type="stmt"/>
      <line num="154" count="10" type="stmt"/>
      <line num="155" count="10" type="cond" truecount="1" falsecount="1"/>
      <line num="156" count="10" type="stmt"/>
      <line num="157" count="50" type="cond" truecount="3" falsecount="0"/>
    </file>
    <file name="GameState.ts" path="/Users/thomasmichael/develop/private/git/test/pylos/src/game/GameState.ts">
      <metrics statements="109" coveredstatements="107" conditionals="94" coveredconditionals="83" methods="21" coveredmethods="21"/>
      <line num="11" count="22" type="stmt"/>
      <line num="26" count="119" type="stmt"/>
      <line num="30" count="1" type="cond" truecount="1" falsecount="1"/>
      <line num="34" count="24" type="cond" truecount="2" falsecount="0"/>
      <line num="35" count="24" type="stmt"/>
      <line num="36" count="24" type="cond" truecount="2" falsecount="0"/>
      <line num="37" count="1" type="stmt"/>
      <line num="38" count="1" type="stmt"/>
      <line num="39" count="1" type="stmt"/>
      <line num="44" count="28" type="stmt"/>
      <line num="45" count="28" type="stmt"/>
      <line num="46" count="28" type="cond" truecount="4" falsecount="0"/>
      <line num="47" count="1" type="stmt"/>
      <line num="48" count="1" type="stmt"/>
      <line num="49" count="1" type="stmt"/>
      <line num="50" count="1" type="stmt"/>
      <line num="52" count="27" type="stmt"/>
      <line num="56" count="28" type="cond" truecount="2" falsecount="0"/>
      <line num="57" count="27" type="stmt"/>
      <line num="58" count="27" type="cond" truecount="2" falsecount="0"/>
      <line num="59" count="631" type="stmt"/>
      <line num="60" count="26" type="stmt"/>
      <line num="69" count="4" type="stmt"/>
      <line num="71" count="4" type="cond" truecount="2" falsecount="0"/>
      <line num="73" count="3" type="stmt"/>
      <line num="75" count="3" type="stmt"/>
      <line num="76" count="3" type="stmt"/>
      <line num="78" count="3" type="cond" truecount="1" falsecount="1"/>
      <line num="80" count="56" type="cond" truecount="2" falsecount="0"/>
      <line num="82" count="4" type="cond" truecount="2" falsecount="0"/>
      <line num="83" count="3" type="cond" truecount="2" falsecount="0"/>
      <line num="84" count="2" type="stmt"/>
      <line num="87" count="10" type="stmt"/>
      <line num="88" count="3" type="cond" truecount="2" falsecount="0"/>
      <line num="89" count="2" type="stmt"/>
      <line num="90" count="2" type="cond" truecount="1" falsecount="1"/>
      <line num="91" count="0" type="stmt"/>
      <line num="93" count="2" type="stmt"/>
      <line num="98" count="3" type="stmt"/>
      <line num="99" count="3" type="cond" truecount="2" falsecount="0"/>
      <line num="100" count="3" type="stmt"/>
      <line num="101" count="2" type="cond" truecount="1" falsecount="1"/>
      <line num="102" count="0" type="stmt"/>
      <line num="104" count="2" type="stmt"/>
      <line num="108" count="3" type="stmt"/>
      <line num="112" count="28" type="cond" truecount="2" falsecount="0"/>
      <line num="113" count="26" type="stmt"/>
      <line num="114" count="26" type="cond" truecount="1" falsecount="1"/>
      <line num="115" count="26" type="cond" truecount="4" falsecount="0"/>
      <line num="117" count="24" type="stmt"/>
      <line num="118" count="24" type="stmt"/>
      <line num="119" count="24" type="stmt"/>
      <line num="121" count="24" type="stmt"/>
      <line num="125" count="6" type="cond" truecount="2" falsecount="0"/>
      <line num="126" count="5" type="stmt"/>
      <line num="127" count="5" type="cond" truecount="1" falsecount="1"/>
      <line num="128" count="5" type="cond" truecount="4" falsecount="0"/>
      <line num="130" count="4" type="stmt"/>
      <line num="131" count="4" type="cond" truecount="3" falsecount="0"/>
      <line num="132" count="4" type="cond" truecount="2" falsecount="0"/>
      <line num="134" count="3" type="stmt"/>
      <line num="135" count="3" type="stmt"/>
      <line num="136" count="3" type="stmt"/>
      <line num="137" count="3" type="stmt"/>
      <line num="138" count="3" type="cond" truecount="2" falsecount="0"/>
      <line num="139" count="3" type="cond" truecount="1" falsecount="1"/>
      <line num="141" count="3" type="stmt"/>
      <line num="142" count="3" type="stmt"/>
      <line num="143" count="3" type="stmt"/>
      <line num="145" count="3" type="stmt"/>
      <line num="149" count="5" type="cond" truecount="2" falsecount="0"/>
      <line num="150" count="4" type="stmt"/>
      <line num="151" count="4" type="stmt"/>
      <line num="152" count="5" type="cond" truecount="3" falsecount="1"/>
      <line num="153" count="4" type="cond" truecount="2" falsecount="0"/>
      <line num="154" count="3" type="cond" truecount="1" falsecount="1"/>
      <line num="155" count="3" type="cond" truecount="2" falsecount="0"/>
      <line num="157" count="2" type="stmt"/>
      <line num="158" count="2" type="cond" truecount="3" falsecount="0"/>
      <line num="159" count="2" type="cond" truecount="2" falsecount="0"/>
      <line num="161" count="1" type="cond" truecount="1" falsecount="1"/>
      <line num="163" count="1" type="stmt"/>
      <line num="164" count="1" type="stmt"/>
      <line num="165" count="1" type="stmt"/>
      <line num="167" count="1" type="stmt"/>
      <line num="171" count="28" type="cond" truecount="2" falsecount="0"/>
      <line num="173" count="27" type="stmt"/>
      <line num="174" count="27" type="stmt"/>
      <line num="175" count="27" type="stmt"/>
      <line num="176" count="59" type="cond" truecount="2" falsecount="0"/>
      <line num="177" count="5" type="stmt"/>
      <line num="178" count="5" type="stmt"/>
      <line num="182" count="22" type="stmt"/>
      <line num="183" count="22" type="stmt"/>
      <line num="187" count="5" type="cond" truecount="2" falsecount="0"/>
      <line num="188" count="4" type="cond" truecount="4" falsecount="0"/>
      <line num="190" count="3" type="stmt"/>
      <line num="191" count="3" type="stmt"/>
      <line num="192" count="4" type="stmt"/>
      <line num="193" count="4" type="cond" truecount="4" falsecount="0"/>
      <line num="194" count="3" type="cond" truecount="2" falsecount="0"/>
      <line num="197" count="1" type="stmt"/>
      <line num="198" count="2" type="stmt"/>
      <line num="199" count="2" type="stmt"/>
      <line num="202" count="1" type="stmt"/>
      <line num="203" count="1" type="stmt"/>
      <line num="207" count="1" type="cond" truecount="1" falsecount="1"/>
      <line num="208" count="1" type="stmt"/>
      <line num="209" count="1" type="stmt"/>
    </file>
    <file name="types.ts" path="/Users/thomasmichael/develop/private/git/test/pylos/src/game/types.ts">
      <metrics statements="5" coveredstatements="4" conditionals="8" coveredconditionals="5" methods="3" coveredmethods="2"/>
      <line num="1" count="1" type="stmt"/>
      <line num="42" count="3664" type="cond" truecount="1" falsecount="1"/>
      <line num="46" count="3300" type="stmt"/>
      <line num="47" count="3300" type="cond" truecount="4" falsecount="0"/>
      <line num="51" count="0" type="cond" truecount="0" falsecount="2"/>
    </file>
  </project>
</coverage>
