{"/Users/thomasmichael/develop/private/git/test/pylos/src/game/Board.ts": {"path":"/Users/thomasmichael/develop/private/git/test/pylos/src/game/Board.ts","statementMap":{"0":{"start":{"line":4,"column":28},"end":{"line":4,"column":null}},"1":{"start":{"line":5,"column":2},"end":{"line":16,"column":null}},"2":{"start":{"line":5,"column":19},"end":{"line":5,"column":22}},"3":{"start":{"line":6,"column":10},"end":{"line":6,"column":null}},"4":{"start":{"line":7,"column":27},"end":{"line":7,"column":null}},"5":{"start":{"line":8,"column":4},"end":{"line":14,"column":null}},"6":{"start":{"line":8,"column":17},"end":{"line":8,"column":20}},"7":{"start":{"line":9,"column":26},"end":{"line":9,"column":null}},"8":{"start":{"line":10,"column":6},"end":{"line":12,"column":null}},"9":{"start":{"line":10,"column":19},"end":{"line":10,"column":22}},"10":{"start":{"line":11,"column":8},"end":{"line":11,"column":null}},"11":{"start":{"line":13,"column":6},"end":{"line":13,"column":null}},"12":{"start":{"line":15,"column":4},"end":{"line":15,"column":null}},"13":{"start":{"line":17,"column":2},"end":{"line":17,"column":null}},"14":{"start":{"line":21,"column":2},"end":{"line":21,"column":null}},"15":{"start":{"line":21,"column":29},"end":{"line":21,"column":null}},"16":{"start":{"line":22,"column":2},"end":{"line":22,"column":null}},"17":{"start":{"line":26,"column":15},"end":{"line":26,"column":null}},"18":{"start":{"line":27,"column":2},"end":{"line":27,"column":null}},"19":{"start":{"line":31,"column":15},"end":{"line":31,"column":null}},"20":{"start":{"line":32,"column":2},"end":{"line":32,"column":null}},"21":{"start":{"line":36,"column":15},"end":{"line":36,"column":null}},"22":{"start":{"line":37,"column":2},"end":{"line":37,"column":null}},"23":{"start":{"line":37,"column":35},"end":{"line":37,"column":null}},"24":{"start":{"line":38,"column":2},"end":{"line":38,"column":null}},"25":{"start":{"line":39,"column":2},"end":{"line":39,"column":null}},"26":{"start":{"line":43,"column":15},"end":{"line":43,"column":null}},"27":{"start":{"line":44,"column":2},"end":{"line":44,"column":null}},"28":{"start":{"line":44,"column":35},"end":{"line":44,"column":null}},"29":{"start":{"line":45,"column":2},"end":{"line":45,"column":null}},"30":{"start":{"line":45,"column":32},"end":{"line":45,"column":null}},"31":{"start":{"line":46,"column":15},"end":{"line":46,"column":null}},"32":{"start":{"line":47,"column":2},"end":{"line":47,"column":null}},"33":{"start":{"line":48,"column":2},"end":{"line":48,"column":null}},"34":{"start":{"line":52,"column":26},"end":{"line":52,"column":null}},"35":{"start":{"line":53,"column":2},"end":{"line":53,"column":null}},"36":{"start":{"line":53,"column":18},"end":{"line":53,"column":null}},"37":{"start":{"line":54,"column":21},"end":{"line":54,"column":null}},"38":{"start":{"line":55,"column":8},"end":{"line":55,"column":null}},"39":{"start":{"line":56,"column":13},"end":{"line":56,"column":null}},"40":{"start":{"line":57,"column":13},"end":{"line":57,"column":null}},"41":{"start":{"line":58,"column":2},"end":{"line":58,"column":null}},"42":{"start":{"line":58,"column":62},"end":{"line":58,"column":null}},"43":{"start":{"line":59,"column":16},"end":{"line":59,"column":null}},"44":{"start":{"line":60,"column":2},"end":{"line":60,"column":null}},"45":{"start":{"line":64,"column":8},"end":{"line":64,"column":null}},"46":{"start":{"line":65,"column":46},"end":{"line":65,"column":null}},"47":{"start":{"line":66,"column":2},"end":{"line":78,"column":null}},"48":{"start":{"line":66,"column":15},"end":{"line":66,"column":18}},"49":{"start":{"line":67,"column":4},"end":{"line":77,"column":null}},"50":{"start":{"line":67,"column":17},"end":{"line":67,"column":20}},"51":{"start":{"line":68,"column":20},"end":{"line":73,"column":null}},"52":{"start":{"line":74,"column":6},"end":{"line":76,"column":null}},"53":{"start":{"line":74,"column":27},"end":{"line":74,"column":37}},"54":{"start":{"line":75,"column":8},"end":{"line":75,"column":null}},"55":{"start":{"line":79,"column":2},"end":{"line":79,"column":null}},"56":{"start":{"line":83,"column":20},"end":{"line":88,"column":null}},"57":{"start":{"line":89,"column":2},"end":{"line":92,"column":null}},"58":{"start":{"line":90,"column":14},"end":{"line":90,"column":null}},"59":{"start":{"line":91,"column":4},"end":{"line":91,"column":null}},"60":{"start":{"line":96,"column":27},"end":{"line":96,"column":null}},"61":{"start":{"line":97,"column":2},"end":{"line":106,"column":null}},"62":{"start":{"line":97,"column":19},"end":{"line":97,"column":22}},"63":{"start":{"line":98,"column":10},"end":{"line":98,"column":null}},"64":{"start":{"line":99,"column":4},"end":{"line":105,"column":null}},"65":{"start":{"line":99,"column":17},"end":{"line":99,"column":20}},"66":{"start":{"line":100,"column":6},"end":{"line":104,"column":null}},"67":{"start":{"line":100,"column":19},"end":{"line":100,"column":22}},"68":{"start":{"line":101,"column":8},"end":{"line":103,"column":null}},"69":{"start":{"line":102,"column":10},"end":{"line":102,"column":null}},"70":{"start":{"line":107,"column":2},"end":{"line":107,"column":null}},"71":{"start":{"line":107,"column":29},"end":{"line":107,"column":46}},"72":{"start":{"line":111,"column":30},"end":{"line":111,"column":null}},"73":{"start":{"line":112,"column":2},"end":{"line":128,"column":null}},"74":{"start":{"line":112,"column":19},"end":{"line":112,"column":22}},"75":{"start":{"line":113,"column":23},"end":{"line":113,"column":null}},"76":{"start":{"line":114,"column":10},"end":{"line":114,"column":null}},"77":{"start":{"line":115,"column":20},"end":{"line":115,"column":null}},"78":{"start":{"line":116,"column":4},"end":{"line":127,"column":null}},"79":{"start":{"line":117,"column":17},"end":{"line":117,"column":null}},"80":{"start":{"line":118,"column":17},"end":{"line":118,"column":null}},"81":{"start":{"line":119,"column":6},"end":{"line":126,"column":null}},"82":{"start":{"line":120,"column":33},"end":{"line":120,"column":null}},"83":{"start":{"line":121,"column":8},"end":{"line":125,"column":null}},"84":{"start":{"line":122,"column":10},"end":{"line":124,"column":null}},"85":{"start":{"line":122,"column":33},"end":{"line":122,"column":97}},"86":{"start":{"line":123,"column":12},"end":{"line":123,"column":null}},"87":{"start":{"line":129,"column":2},"end":{"line":129,"column":null}},"88":{"start":{"line":133,"column":28},"end":{"line":133,"column":null}},"89":{"start":{"line":134,"column":2},"end":{"line":144,"column":null}},"90":{"start":{"line":134,"column":19},"end":{"line":134,"column":22}},"91":{"start":{"line":135,"column":10},"end":{"line":135,"column":null}},"92":{"start":{"line":136,"column":4},"end":{"line":143,"column":null}},"93":{"start":{"line":136,"column":17},"end":{"line":136,"column":20}},"94":{"start":{"line":137,"column":6},"end":{"line":142,"column":null}},"95":{"start":{"line":137,"column":19},"end":{"line":137,"column":22}},"96":{"start":{"line":138,"column":18},"end":{"line":138,"column":null}},"97":{"start":{"line":139,"column":8},"end":{"line":141,"column":null}},"98":{"start":{"line":140,"column":10},"end":{"line":140,"column":null}},"99":{"start":{"line":145,"column":2},"end":{"line":145,"column":null}},"100":{"start":{"line":149,"column":23},"end":{"line":149,"column":null}},"101":{"start":{"line":150,"column":2},"end":{"line":150,"column":null}},"102":{"start":{"line":150,"column":33},"end":{"line":150,"column":null}},"103":{"start":{"line":152,"column":16},"end":{"line":152,"column":null}},"104":{"start":{"line":153,"column":2},"end":{"line":161,"column":null}},"105":{"start":{"line":154,"column":24},"end":{"line":154,"column":null}},"106":{"start":{"line":155,"column":4},"end":{"line":155,"column":null}},"107":{"start":{"line":155,"column":25},"end":{"line":155,"column":null}},"108":{"start":{"line":156,"column":4},"end":{"line":160,"column":null}},"109":{"start":{"line":157,"column":6},"end":{"line":159,"column":null}}},"fnMap":{"0":{"name":"createBoard","decl":{"start":{"line":3,"column":16},"end":{"line":3,"column":42}},"loc":{"start":{"line":3,"column":42},"end":{"line":18,"column":null}},"line":3},"1":{"name":"getSlot","decl":{"start":{"line":20,"column":16},"end":{"line":20,"column":24}},"loc":{"start":{"line":20,"column":71},"end":{"line":23,"column":null}},"line":20},"2":{"name":"isFree","decl":{"start":{"line":25,"column":16},"end":{"line":25,"column":23}},"loc":{"start":{"line":25,"column":66},"end":{"line":28,"column":null}},"line":25},"3":{"name":"getBall","decl":{"start":{"line":30,"column":16},"end":{"line":30,"column":24}},"loc":{"start":{"line":30,"column":71},"end":{"line":33,"column":null}},"line":30},"4":{"name":"placeBall","decl":{"start":{"line":35,"column":16},"end":{"line":35,"column":26}},"loc":{"start":{"line":35,"column":87},"end":{"line":40,"column":null}},"line":35},"5":{"name":"removeBall","decl":{"start":{"line":42,"column":16},"end":{"line":42,"column":27}},"loc":{"start":{"line":42,"column":74},"end":{"line":49,"column":null}},"line":42},"6":{"name":"hasBallAbove","decl":{"start":{"line":51,"column":16},"end":{"line":51,"column":29}},"loc":{"start":{"line":51,"column":72},"end":{"line":61,"column":null}},"line":51},"7":{"name":"findSquares","decl":{"start":{"line":63,"column":16},"end":{"line":63,"column":28}},"loc":{"start":{"line":63,"column":90},"end":{"line":80,"column":null}},"line":63},"8":{"name":"(anonymous_8)","decl":{"start":{"line":74,"column":22},"end":{"line":74,"column":27}},"loc":{"start":{"line":74,"column":27},"end":{"line":74,"column":37}},"line":74},"9":{"name":"isMonochromaticSquare","decl":{"start":{"line":82,"column":16},"end":{"line":82,"column":38}},"loc":{"start":{"line":82,"column":123},"end":{"line":93,"column":null}},"line":82},"10":{"name":"(anonymous_10)","decl":{"start":{"line":89,"column":25},"end":{"line":89,"column":30}},"loc":{"start":{"line":89,"column":30},"end":{"line":92,"column":3}},"line":89},"11":{"name":"getFreeSlots","decl":{"start":{"line":95,"column":16},"end":{"line":95,"column":29}},"loc":{"start":{"line":95,"column":60},"end":{"line":108,"column":null}},"line":95},"12":{"name":"(anonymous_12)","decl":{"start":{"line":107,"column":19},"end":{"line":107,"column":20}},"loc":{"start":{"line":107,"column":29},"end":{"line":107,"column":46}},"line":107},"13":{"name":"getStackTargets","decl":{"start":{"line":110,"column":16},"end":{"line":110,"column":32}},"loc":{"start":{"line":110,"column":63},"end":{"line":130,"column":null}},"line":110},"14":{"name":"(anonymous_14)","decl":{"start":{"line":122,"column":28},"end":{"line":122,"column":33}},"loc":{"start":{"line":122,"column":33},"end":{"line":122,"column":97}},"line":122},"15":{"name":"getOwnBallsOnBoard","decl":{"start":{"line":132,"column":16},"end":{"line":132,"column":35}},"loc":{"start":{"line":132,"column":84},"end":{"line":146,"column":null}},"line":132},"16":{"name":"getMovableOwnBalls","decl":{"start":{"line":148,"column":16},"end":{"line":148,"column":35}},"loc":{"start":{"line":148,"column":84},"end":{"line":162,"column":null}},"line":148},"17":{"name":"(anonymous_17)","decl":{"start":{"line":153,"column":22},"end":{"line":153,"column":29}},"loc":{"start":{"line":153,"column":29},"end":{"line":161,"column":3}},"line":153},"18":{"name":"(anonymous_18)","decl":{"start":{"line":156,"column":29},"end":{"line":156,"column":null}},"loc":{"start":{"line":157,"column":6},"end":{"line":159,"column":null}},"line":157}},"branchMap":{"0":{"loc":{"start":{"line":21,"column":2},"end":{"line":21,"column":null}},"type":"if","locations":[{"start":{"line":21,"column":2},"end":{"line":21,"column":null}},{"start":{},"end":{}}],"line":21},"1":{"loc":{"start":{"line":22,"column":9},"end":{"line":22,"column":null}},"type":"binary-expr","locations":[{"start":{"line":22,"column":9},"end":{"line":22,"column":43}},{"start":{"line":22,"column":43},"end":{"line":22,"column":null}}],"line":22},"2":{"loc":{"start":{"line":27,"column":9},"end":{"line":27,"column":null}},"type":"binary-expr","locations":[{"start":{"line":27,"column":9},"end":{"line":27,"column":26}},{"start":{"line":27,"column":26},"end":{"line":27,"column":null}}],"line":27},"3":{"loc":{"start":{"line":32,"column":9},"end":{"line":32,"column":null}},"type":"binary-expr","locations":[{"start":{"line":32,"column":9},"end":{"line":32,"column":23}},{"start":{"line":32,"column":23},"end":{"line":32,"column":null}}],"line":32},"4":{"loc":{"start":{"line":37,"column":2},"end":{"line":37,"column":null}},"type":"if","locations":[{"start":{"line":37,"column":2},"end":{"line":37,"column":null}},{"start":{},"end":{}}],"line":37},"5":{"loc":{"start":{"line":37,"column":6},"end":{"line":37,"column":35}},"type":"binary-expr","locations":[{"start":{"line":37,"column":6},"end":{"line":37,"column":15}},{"start":{"line":37,"column":15},"end":{"line":37,"column":35}}],"line":37},"6":{"loc":{"start":{"line":44,"column":2},"end":{"line":44,"column":null}},"type":"if","locations":[{"start":{"line":44,"column":2},"end":{"line":44,"column":null}},{"start":{},"end":{}}],"line":44},"7":{"loc":{"start":{"line":44,"column":6},"end":{"line":44,"column":35}},"type":"binary-expr","locations":[{"start":{"line":44,"column":6},"end":{"line":44,"column":15}},{"start":{"line":44,"column":15},"end":{"line":44,"column":35}}],"line":44},"8":{"loc":{"start":{"line":45,"column":2},"end":{"line":45,"column":null}},"type":"if","locations":[{"start":{"line":45,"column":2},"end":{"line":45,"column":null}},{"start":{},"end":{}}],"line":45},"9":{"loc":{"start":{"line":53,"column":2},"end":{"line":53,"column":null}},"type":"if","locations":[{"start":{"line":53,"column":2},"end":{"line":53,"column":null}},{"start":{},"end":{}}],"line":53},"10":{"loc":{"start":{"line":58,"column":2},"end":{"line":58,"column":null}},"type":"if","locations":[{"start":{"line":58,"column":2},"end":{"line":58,"column":null}},{"start":{},"end":{}}],"line":58},"11":{"loc":{"start":{"line":58,"column":6},"end":{"line":58,"column":62}},"type":"binary-expr","locations":[{"start":{"line":58,"column":6},"end":{"line":58,"column":16}},{"start":{"line":58,"column":16},"end":{"line":58,"column":35}},{"start":{"line":58,"column":35},"end":{"line":58,"column":45}},{"start":{"line":58,"column":45},"end":{"line":58,"column":62}}],"line":58},"12":{"loc":{"start":{"line":60,"column":9},"end":{"line":60,"column":null}},"type":"binary-expr","locations":[{"start":{"line":60,"column":9},"end":{"line":60,"column":27}},{"start":{"line":60,"column":27},"end":{"line":60,"column":null}}],"line":60},"13":{"loc":{"start":{"line":74,"column":6},"end":{"line":76,"column":null}},"type":"if","locations":[{"start":{"line":74,"column":6},"end":{"line":76,"column":null}},{"start":{},"end":{}}],"line":74},"14":{"loc":{"start":{"line":91,"column":11},"end":{"line":91,"column":null}},"type":"binary-expr","locations":[{"start":{"line":91,"column":11},"end":{"line":91,"column":25}},{"start":{"line":91,"column":25},"end":{"line":91,"column":null}}],"line":91},"15":{"loc":{"start":{"line":101,"column":8},"end":{"line":103,"column":null}},"type":"if","locations":[{"start":{"line":101,"column":8},"end":{"line":103,"column":null}},{"start":{},"end":{}}],"line":101},"16":{"loc":{"start":{"line":119,"column":6},"end":{"line":126,"column":null}},"type":"if","locations":[{"start":{"line":119,"column":6},"end":{"line":126,"column":null}},{"start":{},"end":{}}],"line":119},"17":{"loc":{"start":{"line":119,"column":10},"end":{"line":119,"column":66}},"type":"binary-expr","locations":[{"start":{"line":119,"column":10},"end":{"line":119,"column":21}},{"start":{"line":119,"column":21},"end":{"line":119,"column":39}},{"start":{"line":119,"column":39},"end":{"line":119,"column":50}},{"start":{"line":119,"column":50},"end":{"line":119,"column":66}}],"line":119},"18":{"loc":{"start":{"line":121,"column":8},"end":{"line":125,"column":null}},"type":"if","locations":[{"start":{"line":121,"column":8},"end":{"line":125,"column":null}},{"start":{},"end":{}}],"line":121},"19":{"loc":{"start":{"line":122,"column":10},"end":{"line":124,"column":null}},"type":"if","locations":[{"start":{"line":122,"column":10},"end":{"line":124,"column":null}},{"start":{},"end":{}}],"line":122},"20":{"loc":{"start":{"line":122,"column":33},"end":{"line":122,"column":97}},"type":"binary-expr","locations":[{"start":{"line":122,"column":33},"end":{"line":122,"column":53}},{"start":{"line":122,"column":53},"end":{"line":122,"column":73}},{"start":{"line":122,"column":73},"end":{"line":122,"column":97}}],"line":122},"21":{"loc":{"start":{"line":139,"column":8},"end":{"line":141,"column":null}},"type":"if","locations":[{"start":{"line":139,"column":8},"end":{"line":141,"column":null}},{"start":{},"end":{}}],"line":139},"22":{"loc":{"start":{"line":139,"column":12},"end":{"line":139,"column":86}},"type":"binary-expr","locations":[{"start":{"line":139,"column":12},"end":{"line":139,"column":26}},{"start":{"line":139,"column":26},"end":{"line":139,"column":47}},{"start":{"line":139,"column":47},"end":{"line":139,"column":86}}],"line":139},"23":{"loc":{"start":{"line":150,"column":2},"end":{"line":150,"column":null}},"type":"if","locations":[{"start":{"line":150,"column":2},"end":{"line":150,"column":null}},{"start":{},"end":{}}],"line":150},"24":{"loc":{"start":{"line":155,"column":4},"end":{"line":155,"column":null}},"type":"if","locations":[{"start":{"line":155,"column":4},"end":{"line":155,"column":null}},{"start":{},"end":{}}],"line":155},"25":{"loc":{"start":{"line":157,"column":6},"end":{"line":159,"column":null}},"type":"binary-expr","locations":[{"start":{"line":157,"column":6},"end":{"line":157,"column":null}},{"start":{"line":158,"column":6},"end":{"line":158,"column":null}},{"start":{"line":159,"column":6},"end":{"line":159,"column":null}}],"line":157}},"s":{"0":22,"1":22,"2":22,"3":88,"4":88,"5":88,"6":88,"7":220,"8":220,"9":220,"10":660,"11":220,"12":88,"13":22,"14":3300,"15":0,"16":3300,"17":990,"18":990,"19":2104,"20":2104,"21":147,"22":147,"23":0,"24":147,"25":147,"26":3,"27":3,"28":0,"29":3,"30":0,"31":3,"32":3,"33":3,"34":20,"35":20,"36":0,"37":20,"38":20,"39":20,"40":20,"41":20,"42":0,"43":20,"44":20,"45":81,"46":81,"47":81,"48":81,"49":187,"50":187,"51":485,"52":485,"53":1077,"54":146,"55":187,"56":59,"57":59,"58":98,"59":98,"60":29,"61":29,"62":29,"63":116,"64":116,"65":116,"66":290,"67":290,"68":870,"69":701,"70":29,"71":672,"72":17,"73":17,"74":17,"75":51,"76":51,"77":51,"78":51,"79":76,"80":76,"81":76,"82":76,"83":76,"84":40,"85":114,"86":40,"87":51,"88":2,"89":2,"90":2,"91":8,"92":8,"93":8,"94":20,"95":20,"96":60,"97":60,"98":10,"99":2,"100":3,"101":3,"102":1,"103":2,"104":2,"105":10,"106":10,"107":0,"108":10,"109":50},"f":{"0":22,"1":3300,"2":990,"3":2104,"4":147,"5":3,"6":20,"7":81,"8":1077,"9":59,"10":98,"11":29,"12":672,"13":17,"14":114,"15":2,"16":3,"17":10,"18":50},"b":{"0":[0,3300],"1":[3300,0],"2":[990,990],"3":[2104,1227],"4":[0,147],"5":[147,147],"6":[0,3],"7":[3,3],"8":[0,3],"9":[0,20],"10":[0,20],"11":[20,20,20,20],"12":[20,20],"13":[146,339],"14":[98,98],"15":[701,169],"16":[76,0],"17":[76,76,76,76],"18":[40,36],"19":[40,0],"20":[114,29,0],"21":[10,50],"22":[60,20,10],"23":[1,2],"24":[0,10],"25":[50,50,19]},"meta":{"lastBranch":26,"lastFunction":19,"lastStatement":110,"seen":{"f:3:16:3:42":0,"s:4:28:4:Infinity":0,"s:5:2:16:Infinity":1,"s:5:19:5:22":2,"s:6:10:6:Infinity":3,"s:7:27:7:Infinity":4,"s:8:4:14:Infinity":5,"s:8:17:8:20":6,"s:9:26:9:Infinity":7,"s:10:6:12:Infinity":8,"s:10:19:10:22":9,"s:11:8:11:Infinity":10,"s:13:6:13:Infinity":11,"s:15:4:15:Infinity":12,"s:17:2:17:Infinity":13,"f:20:16:20:24":1,"b:21:2:21:Infinity:undefined:undefined:undefined:undefined":0,"s:21:2:21:Infinity":14,"s:21:29:21:Infinity":15,"s:22:2:22:Infinity":16,"b:22:9:22:43:22:43:22:Infinity":1,"f:25:16:25:23":2,"s:26:15:26:Infinity":17,"s:27:2:27:Infinity":18,"b:27:9:27:26:27:26:27:Infinity":2,"f:30:16:30:24":3,"s:31:15:31:Infinity":19,"s:32:2:32:Infinity":20,"b:32:9:32:23:32:23:32:Infinity":3,"f:35:16:35:26":4,"s:36:15:36:Infinity":21,"b:37:2:37:Infinity:undefined:undefined:undefined:undefined":4,"s:37:2:37:Infinity":22,"b:37:6:37:15:37:15:37:35":5,"s:37:35:37:Infinity":23,"s:38:2:38:Infinity":24,"s:39:2:39:Infinity":25,"f:42:16:42:27":5,"s:43:15:43:Infinity":26,"b:44:2:44:Infinity:undefined:undefined:undefined:undefined":6,"s:44:2:44:Infinity":27,"b:44:6:44:15:44:15:44:35":7,"s:44:35:44:Infinity":28,"b:45:2:45:Infinity:undefined:undefined:undefined:undefined":8,"s:45:2:45:Infinity":29,"s:45:32:45:Infinity":30,"s:46:15:46:Infinity":31,"s:47:2:47:Infinity":32,"s:48:2:48:Infinity":33,"f:51:16:51:29":6,"s:52:26:52:Infinity":34,"b:53:2:53:Infinity:undefined:undefined:undefined:undefined":9,"s:53:2:53:Infinity":35,"s:53:18:53:Infinity":36,"s:54:21:54:Infinity":37,"s:55:8:55:Infinity":38,"s:56:13:56:Infinity":39,"s:57:13:57:Infinity":40,"b:58:2:58:Infinity:undefined:undefined:undefined:undefined":10,"s:58:2:58:Infinity":41,"b:58:6:58:16:58:16:58:35:58:35:58:45:58:45:58:62":11,"s:58:62:58:Infinity":42,"s:59:16:59:Infinity":43,"s:60:2:60:Infinity":44,"b:60:9:60:27:60:27:60:Infinity":12,"f:63:16:63:28":7,"s:64:8:64:Infinity":45,"s:65:46:65:Infinity":46,"s:66:2:78:Infinity":47,"s:66:15:66:18":48,"s:67:4:77:Infinity":49,"s:67:17:67:20":50,"s:68:20:73:Infinity":51,"b:74:6:76:Infinity:undefined:undefined:undefined:undefined":13,"s:74:6:76:Infinity":52,"f:74:22:74:27":8,"s:74:27:74:37":53,"s:75:8:75:Infinity":54,"s:79:2:79:Infinity":55,"f:82:16:82:38":9,"s:83:20:88:Infinity":56,"s:89:2:92:Infinity":57,"f:89:25:89:30":10,"s:90:14:90:Infinity":58,"s:91:4:91:Infinity":59,"b:91:11:91:25:91:25:91:Infinity":14,"f:95:16:95:29":11,"s:96:27:96:Infinity":60,"s:97:2:106:Infinity":61,"s:97:19:97:22":62,"s:98:10:98:Infinity":63,"s:99:4:105:Infinity":64,"s:99:17:99:20":65,"s:100:6:104:Infinity":66,"s:100:19:100:22":67,"b:101:8:103:Infinity:undefined:undefined:undefined:undefined":15,"s:101:8:103:Infinity":68,"s:102:10:102:Infinity":69,"s:107:2:107:Infinity":70,"f:107:19:107:20":12,"s:107:29:107:46":71,"f:110:16:110:32":13,"s:111:30:111:Infinity":72,"s:112:2:128:Infinity":73,"s:112:19:112:22":74,"s:113:23:113:Infinity":75,"s:114:10:114:Infinity":76,"s:115:20:115:Infinity":77,"s:116:4:127:Infinity":78,"s:117:17:117:Infinity":79,"s:118:17:118:Infinity":80,"b:119:6:126:Infinity:undefined:undefined:undefined:undefined":16,"s:119:6:126:Infinity":81,"b:119:10:119:21:119:21:119:39:119:39:119:50:119:50:119:66":17,"s:120:33:120:Infinity":82,"b:121:8:125:Infinity:undefined:undefined:undefined:undefined":18,"s:121:8:125:Infinity":83,"b:122:10:124:Infinity:undefined:undefined:undefined:undefined":19,"s:122:10:124:Infinity":84,"f:122:28:122:33":14,"s:122:33:122:97":85,"b:122:33:122:53:122:53:122:73:122:73:122:97":20,"s:123:12:123:Infinity":86,"s:129:2:129:Infinity":87,"f:132:16:132:35":15,"s:133:28:133:Infinity":88,"s:134:2:144:Infinity":89,"s:134:19:134:22":90,"s:135:10:135:Infinity":91,"s:136:4:143:Infinity":92,"s:136:17:136:20":93,"s:137:6:142:Infinity":94,"s:137:19:137:22":95,"s:138:18:138:Infinity":96,"b:139:8:141:Infinity:undefined:undefined:undefined:undefined":21,"s:139:8:141:Infinity":97,"b:139:12:139:26:139:26:139:47:139:47:139:86":22,"s:140:10:140:Infinity":98,"s:145:2:145:Infinity":99,"f:148:16:148:35":16,"s:149:23:149:Infinity":100,"b:150:2:150:Infinity:undefined:undefined:undefined:undefined":23,"s:150:2:150:Infinity":101,"s:150:33:150:Infinity":102,"s:152:16:152:Infinity":103,"s:153:2:161:Infinity":104,"f:153:22:153:29":17,"s:154:24:154:Infinity":105,"b:155:4:155:Infinity:undefined:undefined:undefined:undefined":24,"s:155:4:155:Infinity":106,"s:155:25:155:Infinity":107,"s:156:4:160:Infinity":108,"f:156:29:156:Infinity":18,"s:157:6:159:Infinity":109,"b:157:6:157:Infinity:158:6:158:Infinity:159:6:159:Infinity":25},"fnNames":{}}}
,"/Users/thomasmichael/develop/private/git/test/pylos/src/game/GameState.ts": {"path":"/Users/thomasmichael/develop/private/git/test/pylos/src/game/GameState.ts","statementMap":{"0":{"start":{"line":11,"column":2},"end":{"line":22,"column":null}},"1":{"start":{"line":26,"column":2},"end":{"line":26,"column":null}},"2":{"start":{"line":30,"column":2},"end":{"line":30,"column":null}},"3":{"start":{"line":34,"column":2},"end":{"line":34,"column":null}},"4":{"start":{"line":35,"column":2},"end":{"line":35,"column":null}},"5":{"start":{"line":36,"column":2},"end":{"line":40,"column":null}},"6":{"start":{"line":37,"column":4},"end":{"line":37,"column":null}},"7":{"start":{"line":38,"column":4},"end":{"line":38,"column":null}},"8":{"start":{"line":39,"column":4},"end":{"line":39,"column":null}},"9":{"start":{"line":44,"column":16},"end":{"line":44,"column":null}},"10":{"start":{"line":45,"column":8},"end":{"line":45,"column":null}},"11":{"start":{"line":46,"column":2},"end":{"line":51,"column":null}},"12":{"start":{"line":47,"column":4},"end":{"line":47,"column":null}},"13":{"start":{"line":48,"column":4},"end":{"line":48,"column":null}},"14":{"start":{"line":49,"column":4},"end":{"line":49,"column":null}},"15":{"start":{"line":50,"column":4},"end":{"line":50,"column":null}},"16":{"start":{"line":52,"column":2},"end":{"line":52,"column":null}},"17":{"start":{"line":56,"column":2},"end":{"line":56,"column":null}},"18":{"start":{"line":56,"column":37},"end":{"line":56,"column":null}},"19":{"start":{"line":57,"column":13},"end":{"line":57,"column":null}},"20":{"start":{"line":58,"column":2},"end":{"line":58,"column":null}},"21":{"start":{"line":58,"column":23},"end":{"line":58,"column":null}},"22":{"start":{"line":59,"column":8},"end":{"line":59,"column":null}},"23":{"start":{"line":59,"column":58},"end":{"line":59,"column":71}},"24":{"start":{"line":60,"column":2},"end":{"line":60,"column":null}},"25":{"start":{"line":69,"column":33},"end":{"line":69,"column":null}},"26":{"start":{"line":71,"column":2},"end":{"line":71,"column":null}},"27":{"start":{"line":71,"column":37},"end":{"line":71,"column":null}},"28":{"start":{"line":73,"column":13},"end":{"line":73,"column":null}},"29":{"start":{"line":75,"column":8},"end":{"line":75,"column":null}},"30":{"start":{"line":76,"column":8},"end":{"line":76,"column":null}},"31":{"start":{"line":78,"column":21},"end":{"line":78,"column":null}},"32":{"start":{"line":80,"column":24},"end":{"line":80,"column":null}},"33":{"start":{"line":80,"column":66},"end":{"line":80,"column":79}},"34":{"start":{"line":82,"column":2},"end":{"line":96,"column":null}},"35":{"start":{"line":83,"column":4},"end":{"line":85,"column":null}},"36":{"start":{"line":84,"column":6},"end":{"line":84,"column":null}},"37":{"start":{"line":87,"column":29},"end":{"line":87,"column":null}},"38":{"start":{"line":87,"column":49},"end":{"line":87,"column":76}},"39":{"start":{"line":88,"column":4},"end":{"line":95,"column":null}},"40":{"start":{"line":89,"column":28},"end":{"line":89,"column":null}},"41":{"start":{"line":89,"column":44},"end":{"line":89,"column":75}},"42":{"start":{"line":90,"column":6},"end":{"line":94,"column":null}},"43":{"start":{"line":91,"column":8},"end":{"line":91,"column":null}},"44":{"start":{"line":93,"column":8},"end":{"line":93,"column":null}},"45":{"start":{"line":98,"column":8},"end":{"line":98,"column":null}},"46":{"start":{"line":99,"column":2},"end":{"line":106,"column":null}},"47":{"start":{"line":100,"column":25},"end":{"line":100,"column":null}},"48":{"start":{"line":100,"column":41},"end":{"line":100,"column":67}},"49":{"start":{"line":101,"column":4},"end":{"line":105,"column":null}},"50":{"start":{"line":102,"column":6},"end":{"line":102,"column":null}},"51":{"start":{"line":104,"column":6},"end":{"line":104,"column":null}},"52":{"start":{"line":108,"column":2},"end":{"line":108,"column":null}},"53":{"start":{"line":112,"column":2},"end":{"line":112,"column":null}},"54":{"start":{"line":112,"column":35},"end":{"line":112,"column":null}},"55":{"start":{"line":113,"column":13},"end":{"line":113,"column":null}},"56":{"start":{"line":114,"column":2},"end":{"line":114,"column":null}},"57":{"start":{"line":114,"column":23},"end":{"line":114,"column":null}},"58":{"start":{"line":115,"column":2},"end":{"line":115,"column":null}},"59":{"start":{"line":115,"column":52},"end":{"line":115,"column":null}},"60":{"start":{"line":117,"column":2},"end":{"line":117,"column":null}},"61":{"start":{"line":118,"column":2},"end":{"line":118,"column":null}},"62":{"start":{"line":119,"column":2},"end":{"line":119,"column":null}},"63":{"start":{"line":121,"column":2},"end":{"line":121,"column":null}},"64":{"start":{"line":125,"column":2},"end":{"line":125,"column":null}},"65":{"start":{"line":125,"column":37},"end":{"line":125,"column":null}},"66":{"start":{"line":126,"column":13},"end":{"line":126,"column":null}},"67":{"start":{"line":127,"column":2},"end":{"line":127,"column":null}},"68":{"start":{"line":127,"column":23},"end":{"line":127,"column":null}},"69":{"start":{"line":128,"column":2},"end":{"line":128,"column":null}},"70":{"start":{"line":128,"column":50},"end":{"line":128,"column":null}},"71":{"start":{"line":130,"column":8},"end":{"line":130,"column":null}},"72":{"start":{"line":131,"column":16},"end":{"line":131,"column":null}},"73":{"start":{"line":131,"column":39},"end":{"line":131,"column":94}},"74":{"start":{"line":132,"column":2},"end":{"line":132,"column":null}},"75":{"start":{"line":132,"column":14},"end":{"line":132,"column":null}},"76":{"start":{"line":134,"column":21},"end":{"line":134,"column":null}},"77":{"start":{"line":135,"column":13},"end":{"line":135,"column":null}},"78":{"start":{"line":136,"column":13},"end":{"line":136,"column":null}},"79":{"start":{"line":137,"column":8},"end":{"line":137,"column":null}},"80":{"start":{"line":138,"column":22},"end":{"line":138,"column":null}},"81":{"start":{"line":138,"column":45},"end":{"line":138,"column":71}},"82":{"start":{"line":139,"column":2},"end":{"line":139,"column":null}},"83":{"start":{"line":139,"column":20},"end":{"line":139,"column":null}},"84":{"start":{"line":141,"column":2},"end":{"line":141,"column":null}},"85":{"start":{"line":142,"column":2},"end":{"line":142,"column":null}},"86":{"start":{"line":143,"column":2},"end":{"line":143,"column":null}},"87":{"start":{"line":145,"column":2},"end":{"line":145,"column":null}},"88":{"start":{"line":149,"column":2},"end":{"line":149,"column":null}},"89":{"start":{"line":149,"column":37},"end":{"line":149,"column":null}},"90":{"start":{"line":150,"column":13},"end":{"line":150,"column":null}},"91":{"start":{"line":151,"column":8},"end":{"line":151,"column":null}},"92":{"start":{"line":152,"column":2},"end":{"line":152,"column":null}},"93":{"start":{"line":152,"column":40},"end":{"line":152,"column":null}},"94":{"start":{"line":153,"column":2},"end":{"line":153,"column":null}},"95":{"start":{"line":153,"column":42},"end":{"line":153,"column":null}},"96":{"start":{"line":154,"column":2},"end":{"line":154,"column":null}},"97":{"start":{"line":154,"column":35},"end":{"line":154,"column":null}},"98":{"start":{"line":155,"column":2},"end":{"line":155,"column":null}},"99":{"start":{"line":155,"column":36},"end":{"line":155,"column":null}},"100":{"start":{"line":157,"column":8},"end":{"line":157,"column":null}},"101":{"start":{"line":158,"column":16},"end":{"line":158,"column":null}},"102":{"start":{"line":158,"column":39},"end":{"line":158,"column":100}},"103":{"start":{"line":159,"column":2},"end":{"line":159,"column":null}},"104":{"start":{"line":159,"column":14},"end":{"line":159,"column":null}},"105":{"start":{"line":161,"column":2},"end":{"line":161,"column":null}},"106":{"start":{"line":161,"column":41},"end":{"line":161,"column":null}},"107":{"start":{"line":163,"column":2},"end":{"line":163,"column":null}},"108":{"start":{"line":164,"column":2},"end":{"line":164,"column":null}},"109":{"start":{"line":165,"column":2},"end":{"line":165,"column":null}},"110":{"start":{"line":167,"column":2},"end":{"line":167,"column":null}},"111":{"start":{"line":171,"column":2},"end":{"line":171,"column":null}},"112":{"start":{"line":171,"column":28},"end":{"line":171,"column":null}},"113":{"start":{"line":173,"column":18},"end":{"line":173,"column":null}},"114":{"start":{"line":174,"column":8},"end":{"line":174,"column":null}},"115":{"start":{"line":175,"column":2},"end":{"line":180,"column":null}},"116":{"start":{"line":176,"column":4},"end":{"line":179,"column":null}},"117":{"start":{"line":177,"column":6},"end":{"line":177,"column":null}},"118":{"start":{"line":178,"column":6},"end":{"line":178,"column":null}},"119":{"start":{"line":182,"column":2},"end":{"line":182,"column":null}},"120":{"start":{"line":183,"column":2},"end":{"line":183,"column":null}},"121":{"start":{"line":187,"column":2},"end":{"line":187,"column":null}},"122":{"start":{"line":187,"column":42},"end":{"line":187,"column":null}},"123":{"start":{"line":188,"column":2},"end":{"line":188,"column":null}},"124":{"start":{"line":188,"column":52},"end":{"line":188,"column":null}},"125":{"start":{"line":190,"column":13},"end":{"line":190,"column":null}},"126":{"start":{"line":191,"column":2},"end":{"line":195,"column":null}},"127":{"start":{"line":192,"column":10},"end":{"line":192,"column":null}},"128":{"start":{"line":193,"column":4},"end":{"line":193,"column":null}},"129":{"start":{"line":193,"column":42},"end":{"line":193,"column":null}},"130":{"start":{"line":194,"column":4},"end":{"line":194,"column":null}},"131":{"start":{"line":194,"column":40},"end":{"line":194,"column":null}},"132":{"start":{"line":197,"column":2},"end":{"line":200,"column":null}},"133":{"start":{"line":198,"column":4},"end":{"line":198,"column":null}},"134":{"start":{"line":199,"column":4},"end":{"line":199,"column":null}},"135":{"start":{"line":202,"column":2},"end":{"line":202,"column":null}},"136":{"start":{"line":203,"column":2},"end":{"line":203,"column":null}},"137":{"start":{"line":207,"column":2},"end":{"line":207,"column":null}},"138":{"start":{"line":207,"column":42},"end":{"line":207,"column":null}},"139":{"start":{"line":208,"column":2},"end":{"line":208,"column":null}},"140":{"start":{"line":209,"column":2},"end":{"line":209,"column":null}}},"fnMap":{"0":{"name":"createInitialState","decl":{"start":{"line":10,"column":16},"end":{"line":10,"column":52}},"loc":{"start":{"line":10,"column":52},"end":{"line":23,"column":null}},"line":10},"1":{"name":"currentPlayer","decl":{"start":{"line":25,"column":16},"end":{"line":25,"column":30}},"loc":{"start":{"line":25,"column":60},"end":{"line":27,"column":null}},"line":25},"2":{"name":"opponentColor","decl":{"start":{"line":29,"column":16},"end":{"line":29,"column":30}},"loc":{"start":{"line":29,"column":63},"end":{"line":31,"column":null}},"line":29},"3":{"name":"switchPlayer","decl":{"start":{"line":33,"column":9},"end":{"line":33,"column":22}},"loc":{"start":{"line":33,"column":50},"end":{"line":41,"column":null}},"line":33},"4":{"name":"checkGameOver","decl":{"start":{"line":43,"column":9},"end":{"line":43,"column":23}},"loc":{"start":{"line":43,"column":54},"end":{"line":53,"column":null}},"line":43},"5":{"name":"canPlaceFromReserve","decl":{"start":{"line":55,"column":16},"end":{"line":55,"column":36}},"loc":{"start":{"line":55,"column":67},"end":{"line":61,"column":null}},"line":55},"6":{"name":"(anonymous_6)","decl":{"start":{"line":59,"column":53},"end":{"line":59,"column":58}},"loc":{"start":{"line":59,"column":58},"end":{"line":59,"column":71}},"line":59},"7":{"name":"getAvailableMoves","decl":{"start":{"line":68,"column":16},"end":{"line":68,"column":34}},"loc":{"start":{"line":68,"column":73},"end":{"line":109,"column":null}},"line":68},"8":{"name":"(anonymous_8)","decl":{"start":{"line":80,"column":61},"end":{"line":80,"column":66}},"loc":{"start":{"line":80,"column":66},"end":{"line":80,"column":79}},"line":80},"9":{"name":"(anonymous_9)","decl":{"start":{"line":87,"column":49},"end":{"line":87,"column":54}},"loc":{"start":{"line":87,"column":49},"end":{"line":87,"column":76}},"line":87},"10":{"name":"(anonymous_10)","decl":{"start":{"line":89,"column":39},"end":{"line":89,"column":44}},"loc":{"start":{"line":89,"column":44},"end":{"line":89,"column":75}},"line":89},"11":{"name":"(anonymous_11)","decl":{"start":{"line":100,"column":36},"end":{"line":100,"column":41}},"loc":{"start":{"line":100,"column":41},"end":{"line":100,"column":67}},"line":100},"12":{"name":"executePlaceReserve","decl":{"start":{"line":111,"column":16},"end":{"line":111,"column":36}},"loc":{"start":{"line":111,"column":82},"end":{"line":122,"column":null}},"line":111},"13":{"name":"executeStackFromReserve","decl":{"start":{"line":124,"column":16},"end":{"line":124,"column":40}},"loc":{"start":{"line":124,"column":86},"end":{"line":146,"column":null}},"line":124},"14":{"name":"(anonymous_14)","decl":{"start":{"line":131,"column":34},"end":{"line":131,"column":39}},"loc":{"start":{"line":131,"column":39},"end":{"line":131,"column":94}},"line":131},"15":{"name":"(anonymous_15)","decl":{"start":{"line":138,"column":39},"end":{"line":138,"column":45}},"loc":{"start":{"line":138,"column":45},"end":{"line":138,"column":71}},"line":138},"16":{"name":"executeMoveExisting","decl":{"start":{"line":148,"column":16},"end":{"line":148,"column":36}},"loc":{"start":{"line":148,"column":103},"end":{"line":168,"column":null}},"line":148},"17":{"name":"(anonymous_17)","decl":{"start":{"line":158,"column":34},"end":{"line":158,"column":39}},"loc":{"start":{"line":158,"column":39},"end":{"line":158,"column":100}},"line":158},"18":{"name":"afterPlace","decl":{"start":{"line":170,"column":9},"end":{"line":170,"column":20}},"loc":{"start":{"line":170,"column":66},"end":{"line":184,"column":null}},"line":170},"19":{"name":"executeRemoveBalls","decl":{"start":{"line":186,"column":16},"end":{"line":186,"column":35}},"loc":{"start":{"line":186,"column":89},"end":{"line":204,"column":null}},"line":186},"20":{"name":"skipRemoveBalls","decl":{"start":{"line":206,"column":16},"end":{"line":206,"column":32}},"loc":{"start":{"line":206,"column":63},"end":{"line":210,"column":null}},"line":206}},"branchMap":{"0":{"loc":{"start":{"line":30,"column":9},"end":{"line":30,"column":null}},"type":"cond-expr","locations":[{"start":{"line":30,"column":42},"end":{"line":30,"column":51}},{"start":{"line":30,"column":51},"end":{"line":30,"column":null}}],"line":30},"1":{"loc":{"start":{"line":34,"column":29},"end":{"line":34,"column":null}},"type":"cond-expr","locations":[{"start":{"line":34,"column":62},"end":{"line":34,"column":66}},{"start":{"line":34,"column":66},"end":{"line":34,"column":null}}],"line":34},"2":{"loc":{"start":{"line":36,"column":2},"end":{"line":40,"column":null}},"type":"if","locations":[{"start":{"line":36,"column":2},"end":{"line":40,"column":null}},{"start":{},"end":{}}],"line":36},"3":{"loc":{"start":{"line":46,"column":2},"end":{"line":51,"column":null}},"type":"if","locations":[{"start":{"line":46,"column":2},"end":{"line":51,"column":null}},{"start":{},"end":{}}],"line":46},"4":{"loc":{"start":{"line":46,"column":6},"end":{"line":46,"column":32}},"type":"binary-expr","locations":[{"start":{"line":46,"column":6},"end":{"line":46,"column":13}},{"start":{"line":46,"column":13},"end":{"line":46,"column":32}}],"line":46},"5":{"loc":{"start":{"line":56,"column":2},"end":{"line":56,"column":null}},"type":"if","locations":[{"start":{"line":56,"column":2},"end":{"line":56,"column":null}},{"start":{},"end":{}}],"line":56},"6":{"loc":{"start":{"line":58,"column":2},"end":{"line":58,"column":null}},"type":"if","locations":[{"start":{"line":58,"column":2},"end":{"line":58,"column":null}},{"start":{},"end":{}}],"line":58},"7":{"loc":{"start":{"line":71,"column":2},"end":{"line":71,"column":null}},"type":"if","locations":[{"start":{"line":71,"column":2},"end":{"line":71,"column":null}},{"start":{},"end":{}}],"line":71},"8":{"loc":{"start":{"line":78,"column":21},"end":{"line":78,"column":null}},"type":"cond-expr","locations":[{"start":{"line":78,"column":44},"end":{"line":78,"column":65}},{"start":{"line":78,"column":65},"end":{"line":78,"column":null}}],"line":78},"9":{"loc":{"start":{"line":80,"column":24},"end":{"line":80,"column":null}},"type":"cond-expr","locations":[{"start":{"line":80,"column":44},"end":{"line":80,"column":83}},{"start":{"line":80,"column":83},"end":{"line":80,"column":null}}],"line":80},"10":{"loc":{"start":{"line":82,"column":2},"end":{"line":96,"column":null}},"type":"if","locations":[{"start":{"line":82,"column":2},"end":{"line":96,"column":null}},{"start":{},"end":{}}],"line":82},"11":{"loc":{"start":{"line":83,"column":4},"end":{"line":85,"column":null}},"type":"if","locations":[{"start":{"line":83,"column":4},"end":{"line":85,"column":null}},{"start":{},"end":{}}],"line":83},"12":{"loc":{"start":{"line":88,"column":4},"end":{"line":95,"column":null}},"type":"if","locations":[{"start":{"line":88,"column":4},"end":{"line":95,"column":null}},{"start":{},"end":{}}],"line":88},"13":{"loc":{"start":{"line":90,"column":6},"end":{"line":94,"column":null}},"type":"if","locations":[{"start":{"line":90,"column":6},"end":{"line":94,"column":null}},{"start":{"line":92,"column":13},"end":{"line":94,"column":null}}],"line":90},"14":{"loc":{"start":{"line":99,"column":2},"end":{"line":106,"column":null}},"type":"if","locations":[{"start":{"line":99,"column":2},"end":{"line":106,"column":null}},{"start":{},"end":{}}],"line":99},"15":{"loc":{"start":{"line":101,"column":4},"end":{"line":105,"column":null}},"type":"if","locations":[{"start":{"line":101,"column":4},"end":{"line":105,"column":null}},{"start":{"line":103,"column":11},"end":{"line":105,"column":null}}],"line":101},"16":{"loc":{"start":{"line":112,"column":2},"end":{"line":112,"column":null}},"type":"if","locations":[{"start":{"line":112,"column":2},"end":{"line":112,"column":null}},{"start":{},"end":{}}],"line":112},"17":{"loc":{"start":{"line":114,"column":2},"end":{"line":114,"column":null}},"type":"if","locations":[{"start":{"line":114,"column":2},"end":{"line":114,"column":null}},{"start":{},"end":{}}],"line":114},"18":{"loc":{"start":{"line":115,"column":2},"end":{"line":115,"column":null}},"type":"if","locations":[{"start":{"line":115,"column":2},"end":{"line":115,"column":null}},{"start":{},"end":{}}],"line":115},"19":{"loc":{"start":{"line":115,"column":6},"end":{"line":115,"column":52}},"type":"binary-expr","locations":[{"start":{"line":115,"column":6},"end":{"line":115,"column":35}},{"start":{"line":115,"column":35},"end":{"line":115,"column":52}}],"line":115},"20":{"loc":{"start":{"line":125,"column":2},"end":{"line":125,"column":null}},"type":"if","locations":[{"start":{"line":125,"column":2},"end":{"line":125,"column":null}},{"start":{},"end":{}}],"line":125},"21":{"loc":{"start":{"line":127,"column":2},"end":{"line":127,"column":null}},"type":"if","locations":[{"start":{"line":127,"column":2},"end":{"line":127,"column":null}},{"start":{},"end":{}}],"line":127},"22":{"loc":{"start":{"line":128,"column":2},"end":{"line":128,"column":null}},"type":"if","locations":[{"start":{"line":128,"column":2},"end":{"line":128,"column":null}},{"start":{},"end":{}}],"line":128},"23":{"loc":{"start":{"line":128,"column":6},"end":{"line":128,"column":50}},"type":"binary-expr","locations":[{"start":{"line":128,"column":6},"end":{"line":128,"column":35}},{"start":{"line":128,"column":35},"end":{"line":128,"column":50}}],"line":128},"24":{"loc":{"start":{"line":131,"column":39},"end":{"line":131,"column":94}},"type":"binary-expr","locations":[{"start":{"line":131,"column":39},"end":{"line":131,"column":56}},{"start":{"line":131,"column":56},"end":{"line":131,"column":73}},{"start":{"line":131,"column":73},"end":{"line":131,"column":94}}],"line":131},"25":{"loc":{"start":{"line":132,"column":2},"end":{"line":132,"column":null}},"type":"if","locations":[{"start":{"line":132,"column":2},"end":{"line":132,"column":null}},{"start":{},"end":{}}],"line":132},"26":{"loc":{"start":{"line":138,"column":45},"end":{"line":138,"column":71}},"type":"binary-expr","locations":[{"start":{"line":138,"column":45},"end":{"line":138,"column":60}},{"start":{"line":138,"column":60},"end":{"line":138,"column":71}}],"line":138},"27":{"loc":{"start":{"line":139,"column":2},"end":{"line":139,"column":null}},"type":"if","locations":[{"start":{"line":139,"column":2},"end":{"line":139,"column":null}},{"start":{},"end":{}}],"line":139},"28":{"loc":{"start":{"line":149,"column":2},"end":{"line":149,"column":null}},"type":"if","locations":[{"start":{"line":149,"column":2},"end":{"line":149,"column":null}},{"start":{},"end":{}}],"line":149},"29":{"loc":{"start":{"line":152,"column":2},"end":{"line":152,"column":null}},"type":"if","locations":[{"start":{"line":152,"column":2},"end":{"line":152,"column":null}},{"start":{},"end":{}}],"line":152},"30":{"loc":{"start":{"line":152,"column":6},"end":{"line":152,"column":40}},"type":"binary-expr","locations":[{"start":{"line":152,"column":6},"end":{"line":152,"column":15}},{"start":{"line":152,"column":15},"end":{"line":152,"column":40}}],"line":152},"31":{"loc":{"start":{"line":153,"column":2},"end":{"line":153,"column":null}},"type":"if","locations":[{"start":{"line":153,"column":2},"end":{"line":153,"column":null}},{"start":{},"end":{}}],"line":153},"32":{"loc":{"start":{"line":154,"column":2},"end":{"line":154,"column":null}},"type":"if","locations":[{"start":{"line":154,"column":2},"end":{"line":154,"column":null}},{"start":{},"end":{}}],"line":154},"33":{"loc":{"start":{"line":155,"column":2},"end":{"line":155,"column":null}},"type":"if","locations":[{"start":{"line":155,"column":2},"end":{"line":155,"column":null}},{"start":{},"end":{}}],"line":155},"34":{"loc":{"start":{"line":158,"column":39},"end":{"line":158,"column":100}},"type":"binary-expr","locations":[{"start":{"line":158,"column":39},"end":{"line":158,"column":58}},{"start":{"line":158,"column":58},"end":{"line":158,"column":77}},{"start":{"line":158,"column":77},"end":{"line":158,"column":100}}],"line":158},"35":{"loc":{"start":{"line":159,"column":2},"end":{"line":159,"column":null}},"type":"if","locations":[{"start":{"line":159,"column":2},"end":{"line":159,"column":null}},{"start":{},"end":{}}],"line":159},"36":{"loc":{"start":{"line":161,"column":2},"end":{"line":161,"column":null}},"type":"if","locations":[{"start":{"line":161,"column":2},"end":{"line":161,"column":null}},{"start":{},"end":{}}],"line":161},"37":{"loc":{"start":{"line":171,"column":2},"end":{"line":171,"column":null}},"type":"if","locations":[{"start":{"line":171,"column":2},"end":{"line":171,"column":null}},{"start":{},"end":{}}],"line":171},"38":{"loc":{"start":{"line":176,"column":4},"end":{"line":179,"column":null}},"type":"if","locations":[{"start":{"line":176,"column":4},"end":{"line":179,"column":null}},{"start":{},"end":{}}],"line":176},"39":{"loc":{"start":{"line":187,"column":2},"end":{"line":187,"column":null}},"type":"if","locations":[{"start":{"line":187,"column":2},"end":{"line":187,"column":null}},{"start":{},"end":{}}],"line":187},"40":{"loc":{"start":{"line":188,"column":2},"end":{"line":188,"column":null}},"type":"if","locations":[{"start":{"line":188,"column":2},"end":{"line":188,"column":null}},{"start":{},"end":{}}],"line":188},"41":{"loc":{"start":{"line":188,"column":6},"end":{"line":188,"column":52}},"type":"binary-expr","locations":[{"start":{"line":188,"column":6},"end":{"line":188,"column":30}},{"start":{"line":188,"column":30},"end":{"line":188,"column":52}}],"line":188},"42":{"loc":{"start":{"line":193,"column":4},"end":{"line":193,"column":null}},"type":"if","locations":[{"start":{"line":193,"column":4},"end":{"line":193,"column":null}},{"start":{},"end":{}}],"line":193},"43":{"loc":{"start":{"line":193,"column":8},"end":{"line":193,"column":42}},"type":"binary-expr","locations":[{"start":{"line":193,"column":8},"end":{"line":193,"column":17}},{"start":{"line":193,"column":17},"end":{"line":193,"column":42}}],"line":193},"44":{"loc":{"start":{"line":194,"column":4},"end":{"line":194,"column":null}},"type":"if","locations":[{"start":{"line":194,"column":4},"end":{"line":194,"column":null}},{"start":{},"end":{}}],"line":194},"45":{"loc":{"start":{"line":207,"column":2},"end":{"line":207,"column":null}},"type":"if","locations":[{"start":{"line":207,"column":2},"end":{"line":207,"column":null}},{"start":{},"end":{}}],"line":207}},"s":{"0":22,"1":119,"2":1,"3":24,"4":24,"5":24,"6":1,"7":1,"8":1,"9":28,"10":28,"11":28,"12":1,"13":1,"14":1,"15":1,"16":27,"17":28,"18":1,"19":27,"20":27,"21":1,"22":26,"23":631,"24":26,"25":4,"26":4,"27":1,"28":3,"29":3,"30":3,"31":3,"32":4,"33":56,"34":4,"35":3,"36":2,"37":3,"38":10,"39":3,"40":2,"41":1,"42":2,"43":0,"44":2,"45":3,"46":3,"47":2,"48":3,"49":2,"50":0,"51":2,"52":3,"53":28,"54":2,"55":26,"56":26,"57":0,"58":26,"59":2,"60":24,"61":24,"62":24,"63":24,"64":6,"65":1,"66":5,"67":5,"68":0,"69":5,"70":1,"71":4,"72":4,"73":3,"74":4,"75":1,"76":3,"77":3,"78":3,"79":3,"80":3,"81":3,"82":3,"83":0,"84":3,"85":3,"86":3,"87":3,"88":5,"89":1,"90":4,"91":4,"92":5,"93":0,"94":4,"95":1,"96":3,"97":0,"98":3,"99":1,"100":2,"101":2,"102":2,"103":2,"104":1,"105":1,"106":0,"107":1,"108":1,"109":1,"110":1,"111":28,"112":1,"113":27,"114":27,"115":27,"116":59,"117":5,"118":5,"119":22,"120":22,"121":5,"122":1,"123":4,"124":1,"125":3,"126":3,"127":4,"128":4,"129":1,"130":3,"131":1,"132":1,"133":2,"134":2,"135":1,"136":1,"137":1,"138":0,"139":1,"140":1},"f":{"0":22,"1":119,"2":1,"3":24,"4":28,"5":28,"6":631,"7":4,"8":56,"9":10,"10":1,"11":3,"12":28,"13":6,"14":3,"15":3,"16":5,"17":2,"18":28,"19":5,"20":1},"b":{"0":[1,0],"1":[15,9],"2":[1,23],"3":[1,27],"4":[28,28],"5":[1,27],"6":[1,26],"7":[1,3],"8":[3,0],"9":[2,1],"10":[3,1],"11":[2,1],"12":[2,1],"13":[0,2],"14":[2,1],"15":[0,2],"16":[2,26],"17":[0,26],"18":[2,24],"19":[26,25],"20":[1,5],"21":[0,5],"22":[1,4],"23":[5,4],"24":[3,3,3],"25":[1,3],"26":[3,3],"27":[0,3],"28":[1,4],"29":[0,5],"30":[5,4],"31":[1,3],"32":[0,3],"33":[1,2],"34":[2,1,1],"35":[1,1],"36":[0,1],"37":[1,27],"38":[5,54],"39":[1,4],"40":[1,3],"41":[4,4],"42":[1,3],"43":[4,4],"44":[1,2],"45":[0,1]},"meta":{"lastBranch":46,"lastFunction":21,"lastStatement":141,"seen":{"f:10:16:10:52":0,"s:11:2:22:Infinity":0,"f:25:16:25:30":1,"s:26:2:26:Infinity":1,"f:29:16:29:30":2,"s:30:2:30:Infinity":2,"b:30:42:30:51:30:51:30:Infinity":0,"f:33:9:33:22":3,"s:34:2:34:Infinity":3,"b:34:62:34:66:34:66:34:Infinity":1,"s:35:2:35:Infinity":4,"b:36:2:40:Infinity:undefined:undefined:undefined:undefined":2,"s:36:2:40:Infinity":5,"s:37:4:37:Infinity":6,"s:38:4:38:Infinity":7,"s:39:4:39:Infinity":8,"f:43:9:43:23":4,"s:44:16:44:Infinity":9,"s:45:8:45:Infinity":10,"b:46:2:51:Infinity:undefined:undefined:undefined:undefined":3,"s:46:2:51:Infinity":11,"b:46:6:46:13:46:13:46:32":4,"s:47:4:47:Infinity":12,"s:48:4:48:Infinity":13,"s:49:4:49:Infinity":14,"s:50:4:50:Infinity":15,"s:52:2:52:Infinity":16,"f:55:16:55:36":5,"b:56:2:56:Infinity:undefined:undefined:undefined:undefined":5,"s:56:2:56:Infinity":17,"s:56:37:56:Infinity":18,"s:57:13:57:Infinity":19,"b:58:2:58:Infinity:undefined:undefined:undefined:undefined":6,"s:58:2:58:Infinity":20,"s:58:23:58:Infinity":21,"s:59:8:59:Infinity":22,"f:59:53:59:58":6,"s:59:58:59:71":23,"s:60:2:60:Infinity":24,"f:68:16:68:34":7,"s:69:33:69:Infinity":25,"b:71:2:71:Infinity:undefined:undefined:undefined:undefined":7,"s:71:2:71:Infinity":26,"s:71:37:71:Infinity":27,"s:73:13:73:Infinity":28,"s:75:8:75:Infinity":29,"s:76:8:76:Infinity":30,"s:78:21:78:Infinity":31,"b:78:44:78:65:78:65:78:Infinity":8,"s:80:24:80:Infinity":32,"b:80:44:80:83:80:83:80:Infinity":9,"f:80:61:80:66":8,"s:80:66:80:79":33,"b:82:2:96:Infinity:undefined:undefined:undefined:undefined":10,"s:82:2:96:Infinity":34,"b:83:4:85:Infinity:undefined:undefined:undefined:undefined":11,"s:83:4:85:Infinity":35,"s:84:6:84:Infinity":36,"s:87:29:87:Infinity":37,"f:87:49:87:54":9,"s:87:49:87:76":38,"b:88:4:95:Infinity:undefined:undefined:undefined:undefined":12,"s:88:4:95:Infinity":39,"s:89:28:89:Infinity":40,"f:89:39:89:44":10,"s:89:44:89:75":41,"b:90:6:94:Infinity:92:13:94:Infinity":13,"s:90:6:94:Infinity":42,"s:91:8:91:Infinity":43,"s:93:8:93:Infinity":44,"s:98:8:98:Infinity":45,"b:99:2:106:Infinity:undefined:undefined:undefined:undefined":14,"s:99:2:106:Infinity":46,"s:100:25:100:Infinity":47,"f:100:36:100:41":11,"s:100:41:100:67":48,"b:101:4:105:Infinity:103:11:105:Infinity":15,"s:101:4:105:Infinity":49,"s:102:6:102:Infinity":50,"s:104:6:104:Infinity":51,"s:108:2:108:Infinity":52,"f:111:16:111:36":12,"b:112:2:112:Infinity:undefined:undefined:undefined:undefined":16,"s:112:2:112:Infinity":53,"s:112:35:112:Infinity":54,"s:113:13:113:Infinity":55,"b:114:2:114:Infinity:undefined:undefined:undefined:undefined":17,"s:114:2:114:Infinity":56,"s:114:23:114:Infinity":57,"b:115:2:115:Infinity:undefined:undefined:undefined:undefined":18,"s:115:2:115:Infinity":58,"b:115:6:115:35:115:35:115:52":19,"s:115:52:115:Infinity":59,"s:117:2:117:Infinity":60,"s:118:2:118:Infinity":61,"s:119:2:119:Infinity":62,"s:121:2:121:Infinity":63,"f:124:16:124:40":13,"b:125:2:125:Infinity:undefined:undefined:undefined:undefined":20,"s:125:2:125:Infinity":64,"s:125:37:125:Infinity":65,"s:126:13:126:Infinity":66,"b:127:2:127:Infinity:undefined:undefined:undefined:undefined":21,"s:127:2:127:Infinity":67,"s:127:23:127:Infinity":68,"b:128:2:128:Infinity:undefined:undefined:undefined:undefined":22,"s:128:2:128:Infinity":69,"b:128:6:128:35:128:35:128:50":23,"s:128:50:128:Infinity":70,"s:130:8:130:Infinity":71,"s:131:16:131:Infinity":72,"f:131:34:131:39":14,"s:131:39:131:94":73,"b:131:39:131:56:131:56:131:73:131:73:131:94":24,"b:132:2:132:Infinity:undefined:undefined:undefined:undefined":25,"s:132:2:132:Infinity":74,"s:132:14:132:Infinity":75,"s:134:21:134:Infinity":76,"s:135:13:135:Infinity":77,"s:136:13:136:Infinity":78,"s:137:8:137:Infinity":79,"s:138:22:138:Infinity":80,"f:138:39:138:45":15,"s:138:45:138:71":81,"b:138:45:138:60:138:60:138:71":26,"b:139:2:139:Infinity:undefined:undefined:undefined:undefined":27,"s:139:2:139:Infinity":82,"s:139:20:139:Infinity":83,"s:141:2:141:Infinity":84,"s:142:2:142:Infinity":85,"s:143:2:143:Infinity":86,"s:145:2:145:Infinity":87,"f:148:16:148:36":16,"b:149:2:149:Infinity:undefined:undefined:undefined:undefined":28,"s:149:2:149:Infinity":88,"s:149:37:149:Infinity":89,"s:150:13:150:Infinity":90,"s:151:8:151:Infinity":91,"b:152:2:152:Infinity:undefined:undefined:undefined:undefined":29,"s:152:2:152:Infinity":92,"b:152:6:152:15:152:15:152:40":30,"s:152:40:152:Infinity":93,"b:153:2:153:Infinity:undefined:undefined:undefined:undefined":31,"s:153:2:153:Infinity":94,"s:153:42:153:Infinity":95,"b:154:2:154:Infinity:undefined:undefined:undefined:undefined":32,"s:154:2:154:Infinity":96,"s:154:35:154:Infinity":97,"b:155:2:155:Infinity:undefined:undefined:undefined:undefined":33,"s:155:2:155:Infinity":98,"s:155:36:155:Infinity":99,"s:157:8:157:Infinity":100,"s:158:16:158:Infinity":101,"f:158:34:158:39":17,"s:158:39:158:100":102,"b:158:39:158:58:158:58:158:77:158:77:158:100":34,"b:159:2:159:Infinity:undefined:undefined:undefined:undefined":35,"s:159:2:159:Infinity":103,"s:159:14:159:Infinity":104,"b:161:2:161:Infinity:undefined:undefined:undefined:undefined":36,"s:161:2:161:Infinity":105,"s:161:41:161:Infinity":106,"s:163:2:163:Infinity":107,"s:164:2:164:Infinity":108,"s:165:2:165:Infinity":109,"s:167:2:167:Infinity":110,"f:170:9:170:20":18,"b:171:2:171:Infinity:undefined:undefined:undefined:undefined":37,"s:171:2:171:Infinity":111,"s:171:28:171:Infinity":112,"s:173:18:173:Infinity":113,"s:174:8:174:Infinity":114,"s:175:2:180:Infinity":115,"b:176:4:179:Infinity:undefined:undefined:undefined:undefined":38,"s:176:4:179:Infinity":116,"s:177:6:177:Infinity":117,"s:178:6:178:Infinity":118,"s:182:2:182:Infinity":119,"s:183:2:183:Infinity":120,"f:186:16:186:35":19,"b:187:2:187:Infinity:undefined:undefined:undefined:undefined":39,"s:187:2:187:Infinity":121,"s:187:42:187:Infinity":122,"b:188:2:188:Infinity:undefined:undefined:undefined:undefined":40,"s:188:2:188:Infinity":123,"b:188:6:188:30:188:30:188:52":41,"s:188:52:188:Infinity":124,"s:190:13:190:Infinity":125,"s:191:2:195:Infinity":126,"s:192:10:192:Infinity":127,"b:193:4:193:Infinity:undefined:undefined:undefined:undefined":42,"s:193:4:193:Infinity":128,"b:193:8:193:17:193:17:193:42":43,"s:193:42:193:Infinity":129,"b:194:4:194:Infinity:undefined:undefined:undefined:undefined":44,"s:194:4:194:Infinity":130,"s:194:40:194:Infinity":131,"s:197:2:200:Infinity":132,"s:198:4:198:Infinity":133,"s:199:4:199:Infinity":134,"s:202:2:202:Infinity":135,"s:203:2:203:Infinity":136,"f:206:16:206:32":20,"b:207:2:207:Infinity:undefined:undefined:undefined:undefined":45,"s:207:2:207:Infinity":137,"s:207:42:207:Infinity":138,"s:208:2:208:Infinity":139,"s:209:2:209:Infinity":140},"fnNames":{}}}
,"/Users/thomasmichael/develop/private/git/test/pylos/src/game/types.ts": {"path":"/Users/thomasmichael/develop/private/git/test/pylos/src/game/types.ts","statementMap":{"0":{"start":{"line":1,"column":26},"end":{"line":1,"column":null}},"1":{"start":{"line":42,"column":2},"end":{"line":42,"column":null}},"2":{"start":{"line":46,"column":15},"end":{"line":46,"column":null}},"3":{"start":{"line":47,"column":2},"end":{"line":47,"column":null}},"4":{"start":{"line":51,"column":2},"end":{"line":51,"column":null}}},"fnMap":{"0":{"name":"getLevelSize","decl":{"start":{"line":41,"column":16},"end":{"line":41,"column":29}},"loc":{"start":{"line":41,"column":52},"end":{"line":43,"column":null}},"line":41},"1":{"name":"isValidPosition","decl":{"start":{"line":45,"column":16},"end":{"line":45,"column":32}},"loc":{"start":{"line":45,"column":56},"end":{"line":48,"column":null}},"line":45},"2":{"name":"otherColor","decl":{"start":{"line":50,"column":16},"end":{"line":50,"column":27}},"loc":{"start":{"line":50,"column":52},"end":{"line":52,"column":null}},"line":50}},"branchMap":{"0":{"loc":{"start":{"line":42,"column":9},"end":{"line":42,"column":null}},"type":"binary-expr","locations":[{"start":{"line":42,"column":9},"end":{"line":42,"column":30}},{"start":{"line":42,"column":30},"end":{"line":42,"column":null}}],"line":42},"1":{"loc":{"start":{"line":47,"column":9},"end":{"line":47,"column":null}},"type":"binary-expr","locations":[{"start":{"line":47,"column":9},"end":{"line":47,"column":23}},{"start":{"line":47,"column":23},"end":{"line":47,"column":39}},{"start":{"line":47,"column":39},"end":{"line":47,"column":53}},{"start":{"line":47,"column":53},"end":{"line":47,"column":null}}],"line":47},"2":{"loc":{"start":{"line":51,"column":9},"end":{"line":51,"column":null}},"type":"cond-expr","locations":[{"start":{"line":51,"column":25},"end":{"line":51,"column":34}},{"start":{"line":51,"column":34},"end":{"line":51,"column":null}}],"line":51}},"s":{"0":1,"1":3664,"2":3300,"3":3300,"4":0},"f":{"0":3664,"1":3300,"2":0},"b":{"0":[3664,0],"1":[3300,3300,3300,3300],"2":[0,0]},"meta":{"lastBranch":3,"lastFunction":3,"lastStatement":5,"seen":{"s:1:26:1:Infinity":0,"f:41:16:41:29":0,"s:42:2:42:Infinity":1,"b:42:9:42:30:42:30:42:Infinity":0,"f:45:16:45:32":1,"s:46:15:46:Infinity":2,"s:47:2:47:Infinity":3,"b:47:9:47:23:47:23:47:39:47:39:47:53:47:53:47:Infinity":1,"f:50:16:50:27":2,"s:51:2:51:Infinity":4,"b:51:25:51:34:51:34:51:Infinity":2},"fnNames":{}}}
}
